<?xml version="1.0" encoding="UTF-8"?>
<!-- Generated by org.testng.reporters.JUnitXMLReporter -->
<testsuite ignored="0" hostname="LAPTOP-UILFKUPE" failures="0" tests="2" name="Default test" time="24.412" errors="0" timestamp="2022-12-01T13:51:08 GMT-06:00">
  <testcase classname="io.cucumber.testng.AbstractTestNGCucumberTests" name="runScenario" time="12.975"/>
  <testcase classname="io.cucumber.testng.AbstractTestNGCucumberTests" name="runScenario" time="10.665"/>
</testsuite> <!-- Default test -->
